<?xml version="1.0" encoding="UTF-8"?>
<testsuite xmlns:xsi="http://www.w3.org/2001/XMLSchema-instance" xsi:noNamespaceSchemaLocation="https://maven.apache.org/surefire/maven-surefire-plugin/xsd/surefire-test-report-3.0.xsd" version="3.0" name="cucumber.options.TestRunner" time="18.478" tests="6" errors="0" skipped="0" failures="0">
  <properties>
[...]
</properties>
  <testcase name="Verify if place is being added using add place api" classname="Validating PLace API&apos;s" time="7.246">
    <system-out><![CDATA[
@ignore @AddPlace
Scenario: Verify if place is being added using add place api # src/test/java/features/placeValidations.feature:7
  Given Add Place payload                                    # stepDefinitions.StepDefinition.add_place_payload()
  When user calls "AddPlaceAPI" with "POST" http request     # stepDefinitions.StepDefinition.user_calls_with_http_request(java.lang.String,java.lang.String)
{
    "status": "OK",
    "place_id": "b5d450bc954db5e82ca061773a91036c",
    "scope": "APP",
    "reference": "1b8526e1db672109e0a5492085e75cdf1b8526e1db672109e0a5492085e75cdf",
    "id": "1b8526e1db672109e0a5492085e75cdf"
}
  Then the response is success with status code 200          # stepDefinitions.StepDefinition.the_response_is_success_with_status_code(java.lang.Integer)
OK
  And "status" in response body is "OK"                      # stepDefinitions.StepDefinition.in_response_body_is(java.lang.String,java.lang.String)
APP
  And "scope" in response body is "APP"                      # stepDefinitions.StepDefinition.in_response_body_is(java.lang.String,java.lang.String)
]]></system-out>
  </testcase>
  <testcase name="Verify if place is being added using add place api using data from test #1" classname="Validating PLace API&apos;s" time="1.139">
    <system-out><![CDATA[
@AddPlaceWithMultipleData
Scenario Outline: Verify if place is being added using add place api using data from test # src/test/java/features/placeValidations.feature:25
  Given Add Place payload with "Sangeetha" "English" "123, Main Street, City"             # stepDefinitions.StepDefinition.add_place_payload_with(java.lang.String,java.lang.String,java.lang.String)
  When user calls "AddPlaceAPI" with "Post" http request                                  # stepDefinitions.StepDefinition.user_calls_with_http_request(java.lang.String,java.lang.String)
{
    "status": "OK",
    "place_id": "052f3dfcbe9a28eb36f38445e67f74c7",
    "scope": "APP",
    "reference": "160550b6316253a125a20bd9f57f446c160550b6316253a125a20bd9f57f446c",
    "id": "160550b6316253a125a20bd9f57f446c"
}
  Then the response is success with status code 200                                       # stepDefinitions.StepDefinition.the_response_is_success_with_status_code(java.lang.Integer)
OK
  And "status" in response body is "OK"                                                   # stepDefinitions.StepDefinition.in_response_body_is(java.lang.String,java.lang.String)
APP
  And "scope" in response body is "APP"                                                   # stepDefinitions.StepDefinition.in_response_body_is(java.lang.String,java.lang.String)
]]></system-out>
  </testcase>
  <testcase name="Verify if place is being added using add place api using data from test #2" classname="Validating PLace API&apos;s" time="0.953">
    <system-out><![CDATA[
@AddPlaceWithMultipleData
Scenario Outline: Verify if place is being added using add place api using data from test # src/test/java/features/placeValidations.feature:26
  Given Add Place payload with "John Doe" "Spanish" "456, Elm Street, Town"               # stepDefinitions.StepDefinition.add_place_payload_with(java.lang.String,java.lang.String,java.lang.String)
  When user calls "AddPlaceAPI" with "Post" http request                                  # stepDefinitions.StepDefinition.user_calls_with_http_request(java.lang.String,java.lang.String)
{
    "status": "OK",
    "place_id": "823278cd2c7af056065deb99eb10265b",
    "scope": "APP",
    "reference": "ab3f0e023339893b62baa70111b3e424ab3f0e023339893b62baa70111b3e424",
    "id": "ab3f0e023339893b62baa70111b3e424"
}
  Then the response is success with status code 200                                       # stepDefinitions.StepDefinition.the_response_is_success_with_status_code(java.lang.Integer)
OK
  And "status" in response body is "OK"                                                   # stepDefinitions.StepDefinition.in_response_body_is(java.lang.String,java.lang.String)
APP
  And "scope" in response body is "APP"                                                   # stepDefinitions.StepDefinition.in_response_body_is(java.lang.String,java.lang.String)
]]></system-out>
  </testcase>
  <testcase name="Verify if place is being added using add place api using data from test #3" classname="Validating PLace API&apos;s" time="0.947">
    <system-out><![CDATA[
@AddPlaceWithMultipleData
Scenario Outline: Verify if place is being added using add place api using data from test # src/test/java/features/placeValidations.feature:27
  Given Add Place payload with "Jane Smith" "French" "789, Oak Street, Village"           # stepDefinitions.StepDefinition.add_place_payload_with(java.lang.String,java.lang.String,java.lang.String)
  When user calls "AddPlaceAPI" with "Post" http request                                  # stepDefinitions.StepDefinition.user_calls_with_http_request(java.lang.String,java.lang.String)
{
    "status": "OK",
    "place_id": "aa8b24b803dafd19946cc157b260aaff",
    "scope": "APP",
    "reference": "4f87689fa445bb5dc82c68614182489f4f87689fa445bb5dc82c68614182489f",
    "id": "4f87689fa445bb5dc82c68614182489f"
}
  Then the response is success with status code 200                                       # stepDefinitions.StepDefinition.the_response_is_success_with_status_code(java.lang.Integer)
OK
  And "status" in response body is "OK"                                                   # stepDefinitions.StepDefinition.in_response_body_is(java.lang.String,java.lang.String)
APP
  And "scope" in response body is "APP"                                                   # stepDefinitions.StepDefinition.in_response_body_is(java.lang.String,java.lang.String)
]]></system-out>
  </testcase>
  <testcase name="Verify if place is being added using add place api and get placeID" classname="Validating PLace API&apos;s" time="3.628">
    <system-out><![CDATA[
@GetPlace
Scenario: Verify if place is being added using add place api and get placeID  # src/test/java/features/placeValidations.feature:40
  Given Add Place payload with "Sangeetha" "English" "123, Main Street, City" # stepDefinitions.StepDefinition.add_place_payload_with(java.lang.String,java.lang.String,java.lang.String)
  When user calls "AddPlaceAPI" with "POST" http request                      # stepDefinitions.StepDefinition.user_calls_with_http_request(java.lang.String,java.lang.String)
{
    "status": "OK",
    "place_id": "d924eeb971f312274277d2de753b6b6e",
    "scope": "APP",
    "reference": "be4cb0a1ac0c8eeafc687950d273c93fbe4cb0a1ac0c8eeafc687950d273c93f",
    "id": "be4cb0a1ac0c8eeafc687950d273c93f"
}
  Then the response is success with status code 200                           # stepDefinitions.StepDefinition.the_response_is_success_with_status_code(java.lang.Integer)
OK
  And "status" in response body is "OK"                                       # stepDefinitions.StepDefinition.in_response_body_is(java.lang.String,java.lang.String)
APP
  And "scope" in response body is "APP"                                       # stepDefinitions.StepDefinition.in_response_body_is(java.lang.String,java.lang.String)
d924eeb971f312274277d2de753b6b6e
placeId: d924eeb971f312274277d2de753b6b6e
{
    "location": {
        "latitude": "-38.383494",
        "longitude": "33.427362"
    },
    "accuracy": "50",
    "name": "Sangeetha",
    "phone_number": "(+91) 983 893 3937",
    "address": "123, Main Street, City",
    "types": "shoe park,shop",
    "website": "http://google.com",
    "language": "English"
}
Sangeetha
  And verify place_id created maps to "Sangeetha" using "getPlaceAPI"         # stepDefinitions.StepDefinition.verify_place_id_created_maps_to_using(java.lang.String,java.lang.String)
]]></system-out>
  </testcase>
  <testcase name="Verify Delete with deletePlaceAPI" classname="Validating PLace API&apos;s" time="3.494">
    <system-out><![CDATA[
@DeletePlace
Scenario: Verify Delete with deletePlaceAPI                 # src/test/java/features/placeValidations.feature:43
  Given Delete Place payload                                # stepDefinitions.StepDefinition.delete_place_payload()
  When user calls "deletePlaceAPI" with "POST" http request # stepDefinitions.StepDefinition.user_calls_with_http_request(java.lang.String,java.lang.String)
{
    "status": "OK"
}
  Then the response is success with status code 200         # stepDefinitions.StepDefinition.the_response_is_success_with_status_code(java.lang.Integer)
OK
  And "status" in response body is "OK"                     # stepDefinitions.StepDefinition.in_response_body_is(java.lang.String,java.lang.String)
]]></system-out>
  </testcase>
</testsuite>